<?xml version="1.0" encoding="UTF-8"?>
<robot generator="Robot 6.1.1 (Python 3.11.4 on win32)" generated="20230816 22:07:13.729" rpa="false" schemaversion="4">
<suite id="s1" name="Installation" source="C:\Users\nhtnguyen\PycharmProjects\Automation_ToolE\TestCase\Installation.robot">
<test id="s1-t1" name="Installation ToolE module" line="11">
<kw name="Open Browser, Log in and verify landing page">
<kw name="Open Browser" library="SeleniumLibrary">
<arg>${URL}</arg>
<arg>${BROWSER}</arg>
<doc>Opens a new browser instance to the optional ``url``.</doc>
<msg timestamp="20230816 22:07:14.256" level="INFO">Opening browser 'Chrome' to base url 'http://presta804.local/admin804'.</msg>
<msg timestamp="20230816 22:07:15.084" level="WARN">The chromedriver version (115.0.5790.170) detected in PATH at C:\Users\nhtnguyen\Browserdriver\chromedriver-win64\chromedriver.exe might not be compatible with the detected chrome version (116.0.5845.97); currently, chromedriver 116.0.5845.96 is recommended for chrome 116.*, so it is advised to delete the driver in PATH and retry</msg>
<status status="PASS" starttime="20230816 22:07:14.255" endtime="20230816 22:07:21.053"/>
</kw>
<kw name="Maximize Browser Window" library="SeleniumLibrary">
<doc>Maximizes current browser window.</doc>
<status status="PASS" starttime="20230816 22:07:21.054" endtime="20230816 22:07:21.193"/>
</kw>
<kw name="Page Should Contain Element" library="SeleniumLibrary">
<arg>xpath://*[@id="logo"]</arg>
<doc>Verifies that element ``locator`` is found on the current page.</doc>
<msg timestamp="20230816 22:07:21.227" level="INFO">Current page contains element 'xpath://*[@id="logo"]'.</msg>
<status status="PASS" starttime="20230816 22:07:21.194" endtime="20230816 22:07:21.227"/>
</kw>
<kw name="Input Text" library="SeleniumLibrary">
<arg>xpath://*[@id="email"]</arg>
<arg>tester@inter-soft.com</arg>
<doc>Types the given ``text`` into the text field identified by ``locator``.</doc>
<msg timestamp="20230816 22:07:21.229" level="INFO">Typing text 'tester@inter-soft.com' into text field 'xpath://*[@id="email"]'.</msg>
<status status="PASS" starttime="20230816 22:07:21.228" endtime="20230816 22:07:21.518"/>
</kw>
<kw name="Input Password" library="SeleniumLibrary">
<arg>xpath://*[@id="passwd"]</arg>
<arg>Nguyen@211220</arg>
<doc>Types the given password into the text field identified by ``locator``.</doc>
<msg timestamp="20230816 22:07:21.520" level="INFO">Typing password into text field 'xpath://*[@id="passwd"]'.</msg>
<msg timestamp="20230816 22:07:21.585" level="INFO">Temporally setting log level to: NONE</msg>
<msg timestamp="20230816 22:07:21.695" level="INFO">Log level changed from NONE to INFO.</msg>
<status status="PASS" starttime="20230816 22:07:21.519" endtime="20230816 22:07:21.696"/>
</kw>
<kw name="Click Button" library="SeleniumLibrary">
<arg>xpath://*[@id="submit_login"]</arg>
<doc>Clicks the button identified by ``locator``.</doc>
<msg timestamp="20230816 22:07:21.699" level="INFO">Clicking button 'xpath://*[@id="submit_login"]'.</msg>
<status status="PASS" starttime="20230816 22:07:21.697" endtime="20230816 22:07:21.837"/>
</kw>
<kw name="Wait Until Element Is Visible" library="SeleniumLibrary">
<arg>xpath://*[@id="content"]/div[1]/div/div/h1</arg>
<doc>Waits until the element ``locator`` is visible.</doc>
<status status="PASS" starttime="20230816 22:07:21.838" endtime="20230816 22:07:27.104"/>
</kw>
<status status="PASS" starttime="20230816 22:07:14.254" endtime="20230816 22:07:27.105"/>
</kw>
<kw name="Click Element" library="SeleniumLibrary">
<arg>xpath://*[@id="subtab-AdminParentModulesSf"]/a</arg>
<doc>Click the element identified by ``locator``.</doc>
<msg timestamp="20230816 22:07:27.107" level="INFO">Clicking element 'xpath://*[@id="subtab-AdminParentModulesSf"]/a'.</msg>
<status status="PASS" starttime="20230816 22:07:27.105" endtime="20230816 22:07:41.141"/>
</kw>
<kw name="Click Element" library="SeleniumLibrary">
<arg>xpath://*[@id="subtab-AdminModulesSf"]/a</arg>
<doc>Click the element identified by ``locator``.</doc>
<msg timestamp="20230816 22:07:41.144" level="INFO">Clicking element 'xpath://*[@id="subtab-AdminModulesSf"]/a'.</msg>
<status status="PASS" starttime="20230816 22:07:41.142" endtime="20230816 22:07:51.384"/>
</kw>
<kw name="Wait Until Element Is Visible" library="SeleniumLibrary">
<arg>xpath://*[@id="page-header-desc-configuration-add_module"]</arg>
<doc>Waits until the element ``locator`` is visible.</doc>
<status status="PASS" starttime="20230816 22:07:51.384" endtime="20230816 22:07:51.448"/>
</kw>
<kw name="Click Link" library="SeleniumLibrary">
<arg>xpath://*[@id="page-header-desc-configuration-add_module"]</arg>
<doc>Clicks a link identified by ``locator``.</doc>
<msg timestamp="20230816 22:07:51.450" level="INFO">Clicking link 'xpath://*[@id="page-header-desc-configuration-add_module"]'.</msg>
<status status="PASS" starttime="20230816 22:07:51.448" endtime="20230816 22:07:51.730"/>
</kw>
<kw name="Wait Until Element Is Visible" library="SeleniumLibrary">
<arg>xpath://*[@id="module-modal-import"]/div/div/div[1]/h4</arg>
<doc>Waits until the element ``locator`` is visible.</doc>
<status status="PASS" starttime="20230816 22:07:51.730" endtime="20230816 22:07:52.068"/>
</kw>
<kw name="Choose File" library="SeleniumLibrary">
<arg>xpath://*[@class="module-import-start-select-manual"]</arg>
<arg>${FILE_PATH}</arg>
<doc>Inputs the ``file_path`` into the file input field ``locator``.</doc>
<msg timestamp="20230816 22:07:52.070" level="INFO">Sending C:\Users\nhtnguyen\PycharmProjects\Automation_ToolE\ATM_modules\tooleamazonmarkettool_1.1.0.zip to browser.</msg>
<status status="PASS" starttime="20230816 22:07:52.069" endtime="20230816 22:07:52.581"/>
</kw>
<kw name="Sleep" library="BuiltIn">
<arg>30s</arg>
<doc>Pauses the test executed for the given time.</doc>
<msg timestamp="20230816 22:08:22.582" level="INFO">Slept 30 seconds</msg>
<status status="PASS" starttime="20230816 22:07:52.581" endtime="20230816 22:08:22.583"/>
</kw>
<kw name="Click Link" library="SeleniumLibrary">
<arg>xpath://*[@id="subtab-AdminModulesSf"]/a</arg>
<doc>Clicks a link identified by ``locator``.</doc>
<msg timestamp="20230816 22:08:22.585" level="INFO">Clicking link 'xpath://*[@id="subtab-AdminModulesSf"]/a'.</msg>
<msg timestamp="20230816 22:08:23.968" level="INFO" html="true">&lt;/td&gt;&lt;/tr&gt;&lt;tr&gt;&lt;td colspan="3"&gt;&lt;a href="selenium-screenshot-7.png"&gt;&lt;img src="selenium-screenshot-7.png" width="800px"&gt;&lt;/a&gt;</msg>
<msg timestamp="20230816 22:08:23.968" level="FAIL">ElementClickInterceptedException: Message: element click intercepted: Element &lt;a href="/admin804/index.php/improve/modules/manage?_token=IhHDozf0YY3rfMe_Ba45Wh15_nNMj6BKu5hcp5wowPA" class="link"&gt;...&lt;/a&gt; is not clickable at point (127, 691). Other element would receive the click: &lt;span class="sf-toolbar-value sf-toolbar-info-piece-additional"&gt;...&lt;/span&gt;
  (Session info: chrome=116.0.5845.97)
Stacktrace:
Backtrace:
	GetHandleVerifier [0x00007FF64A034A62+57106]
	(No symbol) [0x00007FF649FACF52]
	(No symbol) [0x00007FF649E7E2CB]
	(No symbol) [0x00007FF649EBD290]
	(No symbol) [0x00007FF649EBB90D]
	(No symbol) [0x00007FF649EB98F5]
	(No symbol) [0x00007FF649EB8B05]
	(No symbol) [0x00007FF649EAEE2F]
	(No symbol) [0x00007FF649ED69BA]
	(No symbol) [0x00007FF649EAE746]
	(No symbol) [0x00007FF649ED6BD0]
	(No symbol) [0x00007FF649EEE522]
	(No symbol) [0x00007FF649ED6793]
	(No symbol) [0x00007FF649EACE81]
	(No symbol) [0x00007FF649EAE064]
	GetHandleVerifier [0x00007FF64A2E4222+2873042]
	GetHandleVerifier [0x00007FF64A336590+3209792]
	GetHandleVerifier [0x00007FF64A32F3AF+3180639]
	GetHandleVerifier [0x00007FF64A0C5F25+652245]
	(No symbol) [0x00007FF649FB8618]
	(No symbol) [0x00007FF649FB47C4]
	(No symbol) [0x00007FF649FB48BC]
	(No symbol) [0x00007FF649FA4C33]
	BaseThreadInitThunk [0x00007FFA314B7614+20]
	RtlUserThreadStart [0x00007FFA317026B1+33]
</msg>
<status status="FAIL" starttime="20230816 22:08:22.583" endtime="20230816 22:08:23.975"/>
</kw>
<kw name="Wait Until Element Is Visible" library="SeleniumLibrary">
<arg>xpath://*[@id="page-header-desc-configuration-add_module"]</arg>
<doc>Waits until the element ``locator`` is visible.</doc>
<status status="NOT RUN" starttime="20230816 22:08:23.976" endtime="20230816 22:08:23.976"/>
</kw>
<kw name="Input Text" library="SeleniumLibrary">
<arg>xpath://*[@id="search-input-group"]/div[1]/div[2]/input</arg>
<arg>toole</arg>
<doc>Types the given ``text`` into the text field identified by ``locator``.</doc>
<status status="NOT RUN" starttime="20230816 22:08:23.977" endtime="20230816 22:08:23.977"/>
</kw>
<kw name="Click Button" library="SeleniumLibrary">
<arg>xpath://*[@id="module-search-button"]/i</arg>
<doc>Clicks the button identified by ``locator``.</doc>
<status status="NOT RUN" starttime="20230816 22:08:23.978" endtime="20230816 22:08:23.978"/>
</kw>
<kw name="Wait Until Element Is Visible" library="SeleniumLibrary">
<arg>xpath://*[@src="/modules/tooleamazonmarkettool/logo.png"]</arg>
<doc>Waits until the element ``locator`` is visible.</doc>
<status status="NOT RUN" starttime="20230816 22:08:23.978" endtime="20230816 22:08:23.979"/>
</kw>
<kw name="Click Link" library="SeleniumLibrary">
<arg>xpath://*[@id="modules-list-container-488"]/div/div/div/div[2]/div[4]/div[2]/a</arg>
<doc>Clicks a link identified by ``locator``.</doc>
<status status="NOT RUN" starttime="20230816 22:08:23.979" endtime="20230816 22:08:23.979"/>
</kw>
<kw name="Wait Until Element Is Visible" library="SeleniumLibrary">
<arg>xpath://*[@id="tooleamazonmarkettool_form"]/div/div[1]/ul/li[1]/a</arg>
<doc>Waits until the element ``locator`` is visible.</doc>
<status status="NOT RUN" starttime="20230816 22:08:23.980" endtime="20230816 22:08:23.980"/>
</kw>
<status status="FAIL" starttime="20230816 22:07:14.252" endtime="20230816 22:08:23.981">ElementClickInterceptedException: Message: element click intercepted: Element &lt;a href="/admin804/index.php/improve/modules/manage?_token=IhHDozf0YY3rfMe_Ba45Wh15_nNMj6BKu5hcp5wowPA" class="link"&gt;...&lt;/a&gt; is not clickable at point (127, 691). Other element would receive the click: &lt;span class="sf-toolbar-value sf-toolbar-info-piece-additional"&gt;...&lt;/span&gt;
  (Session info: chrome=116.0.5845.97)
Stacktrace:
Backtrace:
	GetHandleVerifier [0x00007FF64A034A62+57106]
	(No symbol) [0x00007FF649FACF52]
	(No symbol) [0x00007FF649E7E2CB]
	(No symbol) [0x00007FF649EBD290]
	(No symbol) [0x00007FF649EBB90D]
	(No symbol) [0x00007FF649EB98F5]
	(No symbol) [0x00007FF649EB8B05]
	(No symbol) [0x00007FF649EAEE2F]
	(No symbol) [0x00007FF649ED69BA]
	(No symbol) [0x00007FF649EAE746]
	(No symbol) [0x00007FF649ED6BD0]
	(No symbol) [0x00007FF649EEE522]
	(No symbol) [0x00007FF649ED6793]
	(No symbol) [0x00007FF649EACE81]
	(No symbol) [0x00007FF649EAE064]
	GetHandleVerifier [0x00007FF64A2E4222+2873042]
	GetHandleVerifier [0x00007FF64A336590+3209792]
	GetHandleVerifier [0x00007FF64A32F3AF+3180639]
	GetHandleVerifier [0x00007FF64A0C5F25+652245]
	(No symbol) [0x00007FF649FB8618]
	(No symbol) [0x00007FF649FB47C4]
	(No symbol) [0x00007FF649FB48BC]
	(No symbol) [0x00007FF649FA4C33]
	BaseThreadInitThunk [0x00007FFA314B7614+20]
	RtlUserThreadStart [0x00007FFA317026B1+33]
</status>
</test>
<test id="s1-t2" name="Close Browser" line="34">
<kw name="Close Browser" library="SeleniumLibrary">
<doc>Closes the current browser.</doc>
<status status="PASS" starttime="20230816 22:08:23.984" endtime="20230816 22:08:26.642"/>
</kw>
<status status="PASS" starttime="20230816 22:08:23.983" endtime="20230816 22:08:26.643"/>
</test>
<doc>ATM - ToolE</doc>
<status status="FAIL" starttime="20230816 22:07:13.734" endtime="20230816 22:08:26.646"/>
</suite>
<statistics>
<total>
<stat pass="1" fail="1" skip="0">All Tests</stat>
</total>
<tag>
</tag>
<suite>
<stat pass="1" fail="1" skip="0" id="s1" name="Installation">Installation</stat>
</suite>
</statistics>
<errors>
<msg timestamp="20230816 22:07:15.084" level="WARN">The chromedriver version (115.0.5790.170) detected in PATH at C:\Users\nhtnguyen\Browserdriver\chromedriver-win64\chromedriver.exe might not be compatible with the detected chrome version (116.0.5845.97); currently, chromedriver 116.0.5845.96 is recommended for chrome 116.*, so it is advised to delete the driver in PATH and retry</msg>
</errors>
</robot>
